# JRE version: Java(TM) SE Runtime Environment (8.0_231-b11) (build 1.8.0_231-b11)
# Java VM: Java HotSpot(TM) 64-Bit Server VM (25.231-b11 mixed mode windows-amd64 compressed oops)
Heap:
 PSYoungGen      total 160768K, used 43152K [0x00000000f5580000, 0x0000000100000000, 0x0000000100000000)
  eden space 146944K, 19% used [0x00000000f5580000,0x00000000f7229c90,0x00000000fe500000)
  from space 13824K, 99% used [0x00000000fe500000,0x00000000ff27a6b0,0x00000000ff280000)
  to   space 13824K, 0% used [0x00000000ff280000,0x00000000ff280000,0x0000000100000000)
 ParOldGen       total 175104K, used 17826K [0x00000000e0000000, 0x00000000eab00000, 0x00000000f5580000)
  object space 175104K, 10% used [0x00000000e0000000,0x00000000e1168a10,0x00000000eab00000)
 Metaspace       used 49778K, capacity 51452K, committed 51584K, reserved 1093632K
  class space    used 7096K, capacity 7490K, committed 7552K, reserved 1048576K
GC Heap History (10 events):
Event: 2.561 GC heap before
{Heap before GC invocations=7 (full 1):
 PSYoungGen      total 76288K, used 73419K [0x00000000f5580000, 0x00000000fe200000, 0x0000000100000000)
  eden space 65536K, 100% used [0x00000000f5580000,0x00000000f9580000,0x00000000f9580000)
  from space 10752K, 73% used [0x00000000f9580000,0x00000000f9d32ef0,0x00000000fa000000)
  to   space 12800K, 0% used [0x00000000fd580000,0x00000000fd580000,0x00000000fe200000)
 ParOldGen       total 175104K, used 7134K [0x00000000e0000000, 0x00000000eab00000, 0x00000000f5580000)
  object space 175104K, 4% used [0x00000000e0000000,0x00000000e06f79b0,0x00000000eab00000)
 Metaspace       used 32068K, capacity 32660K, committed 33024K, reserved 1077248K
  class space    used 4573K, capacity 4764K, committed 4864K, reserved 1048576K
Event: 2.567 GC heap after
Heap after GC invocations=7 (full 1):
 PSYoungGen      total 128000K, used 9305K [0x00000000f5580000, 0x00000000fe080000, 0x0000000100000000)
  eden space 116736K, 0% used [0x00000000f5580000,0x00000000f5580000,0x00000000fc780000)
  from space 11264K, 82% used [0x00000000fd580000,0x00000000fde96600,0x00000000fe080000)
  to   space 12800K, 0% used [0x00000000fc780000,0x00000000fc780000,0x00000000fd400000)
 ParOldGen       total 175104K, used 7142K [0x00000000e0000000, 0x00000000eab00000, 0x00000000f5580000)
  object space 175104K, 4% used [0x00000000e0000000,0x00000000e06f99b0,0x00000000eab00000)
 Metaspace       used 32068K, capacity 32660K, committed 33024K, reserved 1077248K
  class space    used 4573K, capacity 4764K, committed 4864K, reserved 1048576K
}
Event: 2.813 GC heap before
{Heap before GC invocations=8 (full 1):
 PSYoungGen      total 128000K, used 62657K [0x00000000f5580000, 0x00000000fe080000, 0x0000000100000000)
  eden space 116736K, 45% used [0x00000000f5580000,0x00000000f8999e18,0x00000000fc780000)
  from space 11264K, 82% used [0x00000000fd580000,0x00000000fde96600,0x00000000fe080000)
  to   space 12800K, 0% used [0x00000000fc780000,0x00000000fc780000,0x00000000fd400000)
 ParOldGen       total 175104K, used 7142K [0x00000000e0000000, 0x00000000eab00000, 0x00000000f5580000)
  object space 175104K, 4% used [0x00000000e0000000,0x00000000e06f99b0,0x00000000eab00000)
 Metaspace       used 34579K, capacity 35310K, committed 35416K, reserved 1079296K
  class space    used 4874K, capacity 5094K, committed 5120K, reserved 1048576K
Event: 2.818 GC heap after
Heap after GC invocations=8 (full 1):
 PSYoungGen      total 129536K, used 9330K [0x00000000f5580000, 0x0000000100000000, 0x0000000100000000)
  eden space 116736K, 0% used [0x00000000f5580000,0x00000000f5580000,0x00000000fc780000)
  from space 12800K, 72% used [0x00000000fc780000,0x00000000fd09cb48,0x00000000fd400000)
  to   space 12800K, 0% used [0x00000000ff380000,0x00000000ff380000,0x0000000100000000)
 ParOldGen       total 175104K, used 7150K [0x00000000e0000000, 0x00000000eab00000, 0x00000000f5580000)
  object space 175104K, 4% used [0x00000000e0000000,0x00000000e06fb9b0,0x00000000eab00000)
 Metaspace       used 34579K, capacity 35310K, committed 35416K, reserved 1079296K
  class space    used 4874K, capacity 5094K, committed 5120K, reserved 1048576K
}
Event: 2.818 GC heap before
{Heap before GC invocations=9 (full 2):
 PSYoungGen      total 129536K, used 9330K [0x00000000f5580000, 0x0000000100000000, 0x0000000100000000)
  eden space 116736K, 0% used [0x00000000f5580000,0x00000000f5580000,0x00000000fc780000)
  from space 12800K, 72% used [0x00000000fc780000,0x00000000fd09cb48,0x00000000fd400000)
  to   space 12800K, 0% used [0x00000000ff380000,0x00000000ff380000,0x0000000100000000)
 ParOldGen       total 175104K, used 7150K [0x00000000e0000000, 0x00000000eab00000, 0x00000000f5580000)
  object space 175104K, 4% used [0x00000000e0000000,0x00000000e06fb9b0,0x00000000eab00000)
 Metaspace       used 34579K, capacity 35310K, committed 35416K, reserved 1079296K
  class space    used 4874K, capacity 5094K, committed 5120K, reserved 1048576K
Event: 2.860 GC heap after
Heap after GC invocations=9 (full 2):
 PSYoungGen      total 129536K, used 0K [0x00000000f5580000, 0x0000000100000000, 0x0000000100000000)
  eden space 116736K, 0% used [0x00000000f5580000,0x00000000f5580000,0x00000000fc780000)
  from space 12800K, 0% used [0x00000000fc780000,0x00000000fc780000,0x00000000fd400000)
  to   space 12800K, 0% used [0x00000000ff380000,0x00000000ff380000,0x0000000100000000)
 ParOldGen       total 175104K, used 15611K [0x00000000e0000000, 0x00000000eab00000, 0x00000000f5580000)
  object space 175104K, 8% used [0x00000000e0000000,0x00000000e0f3ecf0,0x00000000eab00000)
 Metaspace       used 34579K, capacity 35310K, committed 35416K, reserved 1079296K
  class space    used 4874K, capacity 5094K, committed 5120K, reserved 1048576K
}
Event: 7.115 GC heap before
{Heap before GC invocations=10 (full 2):
 PSYoungGen      total 129536K, used 116736K [0x00000000f5580000, 0x0000000100000000, 0x0000000100000000)
  eden space 116736K, 100% used [0x00000000f5580000,0x00000000fc780000,0x00000000fc780000)
  from space 12800K, 0% used [0x00000000fc780000,0x00000000fc780000,0x00000000fd400000)
  to   space 12800K, 0% used [0x00000000ff380000,0x00000000ff380000,0x0000000100000000)
 ParOldGen       total 175104K, used 15611K [0x00000000e0000000, 0x00000000eab00000, 0x00000000f5580000)
  object space 175104K, 8% used [0x00000000e0000000,0x00000000e0f3ecf0,0x00000000eab00000)
 Metaspace       used 44543K, capacity 46154K, committed 46336K, reserved 1089536K
  class space    used 6303K, capacity 6640K, committed 6656K, reserved 1048576K
Event: 7.121 GC heap after
Heap after GC invocations=10 (full 2):
 PSYoungGen      total 159744K, used 12674K [0x00000000f5580000, 0x0000000100000000, 0x0000000100000000)
  eden space 146944K, 0% used [0x00000000f5580000,0x00000000f5580000,0x00000000fe500000)
  from space 12800K, 99% used [0x00000000ff380000,0x00000000fffe0a00,0x0000000100000000)
  to   space 13824K, 0% used [0x00000000fe500000,0x00000000fe500000,0x00000000ff280000)
 ParOldGen       total 175104K, used 15627K [0x00000000e0000000, 0x00000000eab00000, 0x00000000f5580000)
  object space 175104K, 8% used [0x00000000e0000000,0x00000000e0f42cf0,0x00000000eab00000)
 Metaspace       used 44543K, capacity 46154K, committed 46336K, reserved 1089536K
  class space    used 6303K, capacity 6640K, committed 6656K, reserved 1048576K
}
Event: 8.032 GC heap before
{Heap before GC invocations=11 (full 2):
 PSYoungGen      total 159744K, used 159618K [0x00000000f5580000, 0x0000000100000000, 0x0000000100000000)
  eden space 146944K, 100% used [0x00000000f5580000,0x00000000fe500000,0x00000000fe500000)
  from space 12800K, 99% used [0x00000000ff380000,0x00000000fffe0a00,0x0000000100000000)
  to   space 13824K, 0% used [0x00000000fe500000,0x00000000fe500000,0x00000000ff280000)
 ParOldGen       total 175104K, used 15627K [0x00000000e0000000, 0x00000000eab00000, 0x00000000f5580000)
  object space 175104K, 8% used [0x00000000e0000000,0x00000000e0f42cf0,0x00000000eab00000)
 Metaspace       used 48240K, capacity 49948K, committed 50048K, reserved 1091584K
  class space    used 6855K, capacity 7245K, committed 7296K, reserved 1048576K
Event: 8.048 GC heap after
Heap after GC invocations=11 (full 2):
 PSYoungGen      total 160768K, used 13801K [0x00000000f5580000, 0x0000000100000000, 0x0000000100000000)
  eden space 146944K, 0% used [0x00000000f5580000,0x00000000f5580000,0x00000000fe500000)
  from space 13824K, 99% used [0x00000000fe500000,0x00000000ff27a6b0,0x00000000ff280000)
  to   space 13824K, 0% used [0x00000000ff280000,0x00000000ff280000,0x0000000100000000)
 ParOldGen       total 175104K, used 17826K [0x00000000e0000000, 0x00000000eab00000, 0x00000000f5580000)
  object space 175104K, 10% used [0x00000000e0000000,0x00000000e1168a10,0x00000000eab00000)
 Metaspace       used 48240K, capacity 49948K, committed 50048K, reserved 1091584K
  class space    used 6855K, capacity 7245K, committed 7296K, reserved 1048576K
}

